<?xml version="1.0" encoding="UTF-8"?>
<!-- Generated by org.testng.reporters.JUnitReportReporter -->
<testsuite skipped="0" hostname="DESKTOP-EPM05SP" name="com.testCases.TC0001_Login" tests="1" failures="0" timestamp="19 Mar 2021 07:40:02 GMT" time="2.848" errors="0">
  <testcase name="verifyLogin" time="2.848" classname="com.testCases.TC0001_Login"/>
</testsuite> <!-- com.testCases.TC0001_Login -->
